<?xml version="1.0" encoding="UTF-8"?>
<!-- Generated by org.testng.reporters.JUnitReportReporter -->
<testsuite hostname="DESKTOP-TMRMSHO" failures="0" tests="9" name="org.example.CarGarageTest" time="0.190" errors="0" timestamp="05 дек. 2024 14:15:43 GMT" skipped="0">
  <testcase classname="org.example.CarGarageTest" name="TestAllCarsOfBrandTest" time="0.002"/>
  <testcase classname="org.example.CarGarageTest" name="TestRemoveCarTest" time="0.003"/>
  <testcase classname="org.example.CarGarageTest" name="TestAllCarsUniqueOwnersTest" time="0.001"/>
  <testcase classname="org.example.CarGarageTest" name="TestAllCarsOfOwnerTest" time="0.002"/>
  <testcase classname="org.example.CarGarageTest" name="TestMeanCarNumberForEachOwnerTest" time="0.005"/>
  <testcase classname="org.example.CarGarageTest" name="TestCarsWithPowerMoreThanTest" time="0.005"/>
  <testcase classname="org.example.CarGarageTest" name="TestTopThreeCarsByMaxVelocityTest" time="0.001"/>
  <testcase classname="org.example.CarGarageTest" name="TestAddNewCarTest" time="0.170"/>
  <testcase classname="org.example.CarGarageTest" name="TestMeanOwnersAgeOfCarBrandTest" time="0.001"/>
</testsuite> <!-- org.example.CarGarageTest -->
